<?xml version="1.0" encoding="UTF-8"?>
<testsuite xmlns:xsi="http://www.w3.org/2001/XMLSchema-instance" xsi:noNamespaceSchemaLocation="https://maven.apache.org/surefire/maven-surefire-plugin/xsd/surefire-test-report-3.0.xsd" version="3.0" name="com.example.auditlog.security.JwtValidationIntegrationTest" time="1.912" tests="8" errors="0" skipped="0" failures="0">
  <properties>
[...]
</properties>
  <testcase name="validToken_RightScope_Returns200" classname="com.example.auditlog.security.JwtValidationIntegrationTest" time="0.279">
    <system-out><![CDATA[2026-09-08T10:41:14.942+05:30  INFO 12836 --- [audit-log-service] [           main] t.c.s.AnnotationConfigContextLoaderUtils : Could not detect default configuration classes for test class [com.example.auditlog.security.JwtValidationIntegrationTest]: JwtValidationIntegrationTest does not declare any static, non-private, non-final, nested classes annotated with @Configuration.
2026-09-08T10:41:14.944+05:30  INFO 12836 --- [audit-log-service] [           main] .b.t.c.SpringBootTestContextBootstrapper : Found @SpringBootConfiguration com.example.auditlog.AuditLogApplication for test class com.example.auditlog.security.JwtValidationIntegrationTest

  .   ____          _            __ _ _
 /\\ / ___'_ __ _ _(_)_ __  __ _ \ \ \ \
( ( )\___ | '_ | '_| | '_ \/ _` | \ \ \ \
 \\/  ___)| |_)| | | | | || (_| |  ) ) ) )
  '  |____| .__|_| |_|_| |_\__, | / / / /
 =========|_|==============|___/=/_/_/_/

 :: Spring Boot ::                (v3.3.3)

2026-09-08T10:41:15.308+05:30  INFO 12836 --- [audit-log-service] [           main] c.e.a.s.JwtValidationIntegrationTest     : Starting JwtValidationIntegrationTest using Java 21.0.1 with PID 12836 (started by Sushil in C:\Users\Sushil\Desktop\Audit Log Assignment\audit-log-service)
2026-09-08T10:41:15.308+05:30  INFO 12836 --- [audit-log-service] [           main] c.e.a.s.JwtValidationIntegrationTest     : The following 1 profile is active: "prod"
2026-09-08T10:41:15.622+05:30  INFO 12836 --- [audit-log-service] [           main] .s.d.r.c.RepositoryConfigurationDelegate : Bootstrapping Spring Data JPA repositories in DEFAULT mode.
2026-09-08T10:41:15.634+05:30  INFO 12836 --- [audit-log-service] [           main] .s.d.r.c.RepositoryConfigurationDelegate : Finished Spring Data repository scanning in 10 ms. Found 1 JPA repository interface.
2026-09-08T10:41:15.933+05:30  INFO 12836 --- [audit-log-service] [           main] o.hibernate.jpa.internal.util.LogHelper  : HHH000204: Processing PersistenceUnitInfo [name: default]
2026-09-08T10:41:15.937+05:30  INFO 12836 --- [audit-log-service] [           main] o.h.c.internal.RegionFactoryInitiator    : HHH000026: Second-level cache disabled
2026-09-08T10:41:15.948+05:30  INFO 12836 --- [audit-log-service] [           main] o.s.o.j.p.SpringPersistenceUnitInfo      : No LoadTimeWeaver setup: ignoring JPA class transformer
2026-09-08T10:41:15.950+05:30  INFO 12836 --- [audit-log-service] [           main] com.zaxxer.hikari.HikariDataSource       : AuditLogHikariPool - Starting...
2026-09-08T10:41:15.972+05:30  INFO 12836 --- [audit-log-service] [           main] com.zaxxer.hikari.pool.HikariPool        : AuditLogHikariPool - Added connection com.mysql.cj.jdbc.ConnectionImpl@2106feb9
2026-09-08T10:41:15.972+05:30  INFO 12836 --- [audit-log-service] [           main] com.zaxxer.hikari.HikariDataSource       : AuditLogHikariPool - Start completed.
2026-09-08T10:41:15.974+05:30  WARN 12836 --- [audit-log-service] [           main] org.hibernate.orm.deprecation            : HHH90000025: MySQLDialect does not need to be specified explicitly using 'hibernate.dialect' (remove the property setting and it will be selected by default)
2026-09-08T10:41:16.075+05:30  INFO 12836 --- [audit-log-service] [           main] o.h.e.t.j.p.i.JtaPlatformInitiator       : HHH000489: No JTA platform available (set 'hibernate.transaction.jta.platform' to enable JTA platform integration)
2026-09-08T10:41:16.098+05:30  INFO 12836 --- [audit-log-service] [           main] j.LocalContainerEntityManagerFactoryBean : Initialized JPA EntityManagerFactory for persistence unit 'default'
2026-09-08T10:41:16.455+05:30  INFO 12836 --- [audit-log-service] [           main] o.s.b.t.m.w.SpringBootMockServletContext : Initializing Spring TestDispatcherServlet ''
2026-09-08T10:41:16.455+05:30  INFO 12836 --- [audit-log-service] [           main] o.s.t.web.servlet.TestDispatcherServlet  : Initializing Servlet ''
2026-09-08T10:41:16.455+05:30  INFO 12836 --- [audit-log-service] [           main] o.s.t.web.servlet.TestDispatcherServlet  : Completed initialization in 0 ms
2026-09-08T10:41:16.465+05:30  INFO 12836 --- [audit-log-service] [           main] c.e.a.s.JwtValidationIntegrationTest     : Started JwtValidationIntegrationTest in 1.195 seconds (process running for 29.261)
]]></system-out>
  </testcase>
  <testcase name="wrongIssuer_Returns401" classname="com.example.auditlog.security.JwtValidationIntegrationTest" time="0.016"/>
  <testcase name="missingToken_Returns401" classname="com.example.auditlog.security.JwtValidationIntegrationTest" time="0.008"/>
  <testcase name="wrongSignature_Returns401" classname="com.example.auditlog.security.JwtValidationIntegrationTest" time="0.016"/>
  <testcase name="malformedToken_Returns401" classname="com.example.auditlog.security.JwtValidationIntegrationTest" time="0.01"/>
  <testcase name="validToken_WrongScope_Returns403" classname="com.example.auditlog.security.JwtValidationIntegrationTest" time="0.023"/>
  <testcase name="wrongAudience_Returns401" classname="com.example.auditlog.security.JwtValidationIntegrationTest" time="0.02"/>
  <testcase name="expiredToken_Returns401" classname="com.example.auditlog.security.JwtValidationIntegrationTest" time="0.011"/>
</testsuite>